2022-07-12 17:15:44.515  INFO 18836 -- [  restartedMain] b.c.s.s.SpringBootAppApplication          Starting SpringBootAppApplication using Java 17.0.2 on DEV-W10PTBO1847 with PID 18836 (D:\dev\projects\spring-boot-app\target\classes started by fernando.martins in D:\dev\projects\spring-boot-app)
2022-07-12 17:15:44.517  INFO 18836 -- [  restartedMain] b.c.s.s.SpringBootAppApplication          No active profile set, falling back to 1 default profile: "default"
2022-07-12 17:15:44.562  INFO 18836 -- [  restartedMain] .e.DevToolsPropertyDefaultsPostProcessor  Devtools property defaults active! Set 'spring.devtools.add-properties' to 'false' to disable
2022-07-12 17:15:44.563  INFO 18836 -- [  restartedMain] .e.DevToolsPropertyDefaultsPostProcessor  For additional web related logging consider setting the 'logging.level.web' property to 'DEBUG'
2022-07-12 17:15:45.196  INFO 18836 -- [  restartedMain] .s.d.r.c.RepositoryConfigurationDelegate  Bootstrapping Spring Data JPA repositories in DEFAULT mode.
2022-07-12 17:15:45.263  INFO 18836 -- [  restartedMain] .s.d.r.c.RepositoryConfigurationDelegate  Finished Spring Data repository scanning in 59 ms. Found 2 JPA repository interfaces.
2022-07-12 17:15:46.129  INFO 18836 -- [  restartedMain] o.s.b.w.embedded.tomcat.TomcatWebServer   Tomcat initialized with port(s): 8080 (http)
2022-07-12 17:15:46.141  INFO 18836 -- [  restartedMain] o.apache.catalina.core.StandardService    Starting service [Tomcat]
2022-07-12 17:15:46.142  INFO 18836 -- [  restartedMain] org.apache.catalina.core.StandardEngine   Starting Servlet engine: [Apache Tomcat/9.0.64]
2022-07-12 17:15:46.213  INFO 18836 -- [  restartedMain] o.a.c.c.C.[Tomcat].[localhost].[/api]     Initializing Spring embedded WebApplicationContext
2022-07-12 17:15:46.213  INFO 18836 -- [  restartedMain] w.s.c.ServletWebServerApplicationContext  Root WebApplicationContext: initialization completed in 1649 ms
2022-07-12 17:15:46.241  INFO 18836 -- [  restartedMain] com.zaxxer.hikari.HikariDataSource        HikariPool-1 - Starting...
2022-07-12 17:15:46.428  INFO 18836 -- [  restartedMain] com.zaxxer.hikari.HikariDataSource        HikariPool-1 - Start completed.
2022-07-12 17:15:46.438  INFO 18836 -- [  restartedMain] o.s.b.a.h2.H2ConsoleAutoConfiguration     H2 console available at '/h2-console'. Database available at 'jdbc:postgresql://localhost:5432/aula_testes'
2022-07-12 17:15:47.337  INFO 18836 -- [  restartedMain] j.LocalContainerEntityManagerFactoryBean  Initialized JPA EntityManagerFactory for persistence unit 'default'
2022-07-12 17:15:48.162  INFO 18836 -- [  restartedMain] o.s.b.d.a.OptionalLiveReloadServer        LiveReload server is running on port 35729
2022-07-12 17:15:48.202  INFO 18836 -- [  restartedMain] o.s.b.w.embedded.tomcat.TomcatWebServer   Tomcat started on port(s): 8080 (http) with context path '/api'
2022-07-12 17:15:48.214  INFO 18836 -- [  restartedMain] b.c.s.s.SpringBootAppApplication          Started SpringBootAppApplication in 4.142 seconds (JVM running for 4.534)
2022-07-12 17:15:53.674  INFO 18836 -- [nio-8080-exec-2] o.a.c.c.C.[Tomcat].[localhost].[/api]     Initializing Spring DispatcherServlet 'dispatcherServlet'
2022-07-12 17:15:53.675  INFO 18836 -- [nio-8080-exec-2] o.s.web.servlet.DispatcherServlet         Initializing Servlet 'dispatcherServlet'
2022-07-12 17:15:53.676  INFO 18836 -- [nio-8080-exec-2] o.s.web.servlet.DispatcherServlet         Completed initialization in 1 ms
2022-07-12 17:17:00.209  INFO 14680 -- [           main] b.c.software.springbootapp.PessoaTests    Starting PessoaTests using Java 17.0.2 on DEV-W10PTBO1847 with PID 14680 (started by fernando.martins in D:\dev\projects\spring-boot-app)
2022-07-12 17:17:00.211  INFO 14680 -- [           main] b.c.software.springbootapp.PessoaTests    The following 1 profile is active: "test"
2022-07-12 17:17:00.885  INFO 14680 -- [           main] .s.d.r.c.RepositoryConfigurationDelegate  Bootstrapping Spring Data JPA repositories in DEFAULT mode.
2022-07-12 17:17:00.956  INFO 14680 -- [           main] .s.d.r.c.RepositoryConfigurationDelegate  Finished Spring Data repository scanning in 58 ms. Found 2 JPA repository interfaces.
2022-07-12 17:17:01.836  INFO 14680 -- [           main] com.zaxxer.hikari.HikariDataSource        HikariPool-1 - Starting...
2022-07-12 17:17:02.014  INFO 14680 -- [           main] com.zaxxer.hikari.HikariDataSource        HikariPool-1 - Start completed.
2022-07-12 17:17:02.496  INFO 14680 -- [           main] j.LocalContainerEntityManagerFactoryBean  Initialized JPA EntityManagerFactory for persistence unit 'default'
2022-07-12 17:17:03.718  INFO 14680 -- [           main] b.c.software.springbootapp.PessoaTests    Started PessoaTests in 3.942 seconds (JVM running for 5.17)
2022-07-12 17:17:04.217  INFO 14680 -- [           main] b.c.software.springbootapp.PessoaTests    PessoaEntity(id=1, nome=Arthur Benjamin da Rosa, cpf=439.114.922-27, dataNascimento=1952-03-07, sexo=MASCULINO, tipoPessoa=FISICA, email=arthurbenjamindarosa@acaoi.com.br)
2022-07-12 17:17:04.217  INFO 14680 -- [           main] b.c.software.springbootapp.PessoaTests    PessoaEntity(id=2, nome=Patrícia Cristiane Stella Freitas, cpf=147.534.051-68, dataNascimento=1991-04-02, sexo=FEMININO, tipoPessoa=FISICA, email=patricia_freitas@tecvap.com.br)
2022-07-12 17:17:04.217  INFO 14680 -- [           main] b.c.software.springbootapp.PessoaTests    PessoaEntity(id=3, nome=Bruno Ryan Samuel Galvão, cpf=601.223.544-51, dataNascimento=1950-02-25, sexo=MASCULINO, tipoPessoa=FISICA, email=bruno.ryan.galvao@pierproj.com.br)
2022-07-12 17:17:04.217  INFO 14680 -- [           main] b.c.software.springbootapp.PessoaTests    PessoaEntity(id=4, nome=Lara Helena Jennifer Assis, cpf=341.635.477-03, dataNascimento=1994-03-16, sexo=FEMININO, tipoPessoa=FISICA, email=lara-assis81@avoeazul.com.br)
2022-07-12 17:17:04.218  INFO 14680 -- [           main] b.c.software.springbootapp.PessoaTests    PessoaEntity(id=5, nome=Laura Rafaela Aparício, cpf=810.620.155-41, dataNascimento=1943-06-15, sexo=FEMININO, tipoPessoa=FISICA, email=laura-aparicio75@candello.abv.br)
2022-07-12 17:17:04.218  INFO 14680 -- [           main] b.c.software.springbootapp.PessoaTests    PessoaEntity(id=6, nome=Heitor Francisco da Cruz, cpf=341.226.711-24, dataNascimento=1947-05-21, sexo=MASCULINO, tipoPessoa=FISICA, email=heitor-dacruz92@aliancacadeiras.com.br)
2022-07-12 17:17:04.218  INFO 14680 -- [           main] b.c.software.springbootapp.PessoaTests    PessoaEntity(id=7, nome=Adriana Lara Beatriz Vieira, cpf=188.285.065-39, dataNascimento=1972-04-08, sexo=FEMININO, tipoPessoa=FISICA, email=adriana-vieira70@arteche.com.br)
2022-07-12 17:17:04.218  INFO 14680 -- [           main] b.c.software.springbootapp.PessoaTests    PessoaEntity(id=8, nome=Nathan Bryan Pinto, cpf=141.897.059-00, dataNascimento=1943-02-21, sexo=MASCULINO, tipoPessoa=FISICA, email=nathan-pinto89@rotadasbandeiras.com.br)
2022-07-12 17:17:04.218  INFO 14680 -- [           main] b.c.software.springbootapp.PessoaTests    PessoaEntity(id=9, nome=Lívia Silvana da Mata, cpf=327.526.706-05, dataNascimento=2002-02-19, sexo=FEMININO, tipoPessoa=FISICA, email=liviasilvanadamata@pgpci.com.br)
2022-07-12 17:17:04.218  INFO 14680 -- [           main] b.c.software.springbootapp.PessoaTests    PessoaEntity(id=10, nome=Giovanni Enrico Cavalcanti, cpf=123.149.872-25, dataNascimento=1984-04-10, sexo=MASCULINO, tipoPessoa=FISICA, email=giovanni_enrico_cavalcanti@barratravel.com.br)
2022-07-12 17:17:04.218  INFO 14680 -- [           main] b.c.software.springbootapp.PessoaTests    PessoaEntity(id=11, nome=Nicolas Erick Lorenzo Silveira, cpf=758.886.321-80, dataNascimento=1962-06-26, sexo=MASCULINO, tipoPessoa=FISICA, email=nicolas_erick_silveira@lajescobre.com)
2022-07-12 17:17:04.218  INFO 14680 -- [           main] b.c.software.springbootapp.PessoaTests    PessoaEntity(id=12, nome=Raimundo Tomás Silva, cpf=766.782.772-95, dataNascimento=1946-04-01, sexo=MASCULINO, tipoPessoa=FISICA, email=raimundo-silva99@fertau.com.br)
2022-07-12 17:17:04.218  INFO 14680 -- [           main] b.c.software.springbootapp.PessoaTests    PessoaEntity(id=13, nome=Enzo Renan Miguel da Paz, cpf=672.349.606-00, dataNascimento=1963-04-25, sexo=MASCULINO, tipoPessoa=FISICA, email=enzo_dapaz@ladder.com.br)
2022-07-12 17:17:04.218  INFO 14680 -- [           main] b.c.software.springbootapp.PessoaTests    PessoaEntity(id=14, nome=César Juan Ian Novaes, cpf=742.838.530-03, dataNascimento=1942-01-22, sexo=MASCULINO, tipoPessoa=FISICA, email=cesarjuannovaes@lucaslima.com)
2022-07-12 17:17:04.218  INFO 14680 -- [           main] b.c.software.springbootapp.PessoaTests    PessoaEntity(id=15, nome=Elza Liz Stefany da Rocha, cpf=820.526.607-71, dataNascimento=1955-01-02, sexo=FEMININO, tipoPessoa=FISICA, email=elza_darocha@jglima.com.br)
2022-07-12 17:17:04.218  INFO 14680 -- [           main] b.c.software.springbootapp.PessoaTests    PessoaEntity(id=16, nome=Ana Sophie Isabelly Gonçalves, cpf=401.861.982-05, dataNascimento=1947-02-20, sexo=FEMININO, tipoPessoa=FISICA, email=ana_goncalves@tuds.com.br)
2022-07-12 17:17:04.219  INFO 14680 -- [           main] b.c.software.springbootapp.PessoaTests    PessoaEntity(id=17, nome=Cláudio Miguel Raul Corte Real, cpf=496.551.588-96, dataNascimento=1946-03-07, sexo=MASCULINO, tipoPessoa=FISICA, email=claudio_cortereal@gmindustria.com.br)
2022-07-12 17:17:04.219  INFO 14680 -- [           main] b.c.software.springbootapp.PessoaTests    PessoaEntity(id=18, nome=Hadassa Malu Liz Assunção, cpf=443.350.773-35, dataNascimento=1954-02-17, sexo=FEMININO, tipoPessoa=FISICA, email=hadassa-assuncao72@netpont.com.br)
2022-07-12 17:17:04.219  INFO 14680 -- [           main] b.c.software.springbootapp.PessoaTests    PessoaEntity(id=19, nome=Melissa Giovana das Neves, cpf=769.515.888-72, dataNascimento=1970-02-24, sexo=FEMININO, tipoPessoa=FISICA, email=melissa_dasneves@hersa.com.br)
2022-07-12 17:17:04.219  INFO 14680 -- [           main] b.c.software.springbootapp.PessoaTests    PessoaEntity(id=20, nome=Roberto Enrico Breno Gomes, cpf=896.931.124-66, dataNascimento=1959-04-04, sexo=MASCULINO, tipoPessoa=FISICA, email=roberto.enrico.gomes@emitec.com.br)
2022-07-12 17:17:04.219  INFO 14680 -- [           main] b.c.software.springbootapp.PessoaTests    PessoaEntity(id=21, nome=Noah Guilherme Santos, cpf=840.453.328-80, dataNascimento=1983-06-01, sexo=MASCULINO, tipoPessoa=FISICA, email=noah.guilherme.santos@graficajardim.com.br)
2022-07-12 17:17:04.219  INFO 14680 -- [           main] b.c.software.springbootapp.PessoaTests    PessoaEntity(id=22, nome=Marlene Laís Tatiane Lopes, cpf=438.147.178-48, dataNascimento=1948-06-05, sexo=FEMININO, tipoPessoa=FISICA, email=marlenelaislopes@chalu.com.br)
2022-07-12 17:17:04.219  INFO 14680 -- [           main] b.c.software.springbootapp.PessoaTests    PessoaEntity(id=23, nome=Oliver Manoel da Costa, cpf=812.466.048-41, dataNascimento=1961-03-04, sexo=MASCULINO, tipoPessoa=FISICA, email=oliver.manoel.dacosta@br.live.com)
2022-07-12 17:17:04.219  INFO 14680 -- [           main] b.c.software.springbootapp.PessoaTests    PessoaEntity(id=24, nome=Tiago Nathan Lima, cpf=965.614.024-99, dataNascimento=1965-06-01, sexo=MASCULINO, tipoPessoa=FISICA, email=tiagonathanlima@deltaturismo.com.br)
2022-07-12 17:17:04.219  INFO 14680 -- [           main] b.c.software.springbootapp.PessoaTests    PessoaEntity(id=25, nome=Renato Emanuel Renato Caldeira, cpf=924.453.494-00, dataNascimento=1949-03-18, sexo=MASCULINO, tipoPessoa=FISICA, email=renato-caldeira97@danielsalla.com.br)
2022-07-12 17:17:04.219  INFO 14680 -- [           main] b.c.software.springbootapp.PessoaTests    PessoaEntity(id=26, nome=Fabiana Malu Duarte, cpf=302.380.625-03, dataNascimento=2003-05-21, sexo=FEMININO, tipoPessoa=FISICA, email=fabiana_malu_duarte@campanati.com.br)
2022-07-12 17:17:04.219  INFO 14680 -- [           main] b.c.software.springbootapp.PessoaTests    PessoaEntity(id=27, nome=Giovana Andrea Ana Moraes, cpf=663.850.228-03, dataNascimento=2000-01-03, sexo=FEMININO, tipoPessoa=FISICA, email=giovana_andrea_moraes@caesarbusiness.com.br)
2022-07-12 17:17:04.220  INFO 14680 -- [           main] b.c.software.springbootapp.PessoaTests    PessoaEntity(id=28, nome=Benjamin Calebe José Peixoto, cpf=302.916.123-42, dataNascimento=1958-04-16, sexo=MASCULINO, tipoPessoa=FISICA, email=benjamin_calebe_peixoto@viavaleseguros.com.br)
2022-07-12 17:17:04.220  INFO 14680 -- [           main] b.c.software.springbootapp.PessoaTests    PessoaEntity(id=29, nome=Luana Laura Sophie Campos, cpf=182.587.132-99, dataNascimento=1986-01-05, sexo=FEMININO, tipoPessoa=FISICA, email=luanalauracampos@citi.com)
2022-07-12 17:17:04.220  INFO 14680 -- [           main] b.c.software.springbootapp.PessoaTests    PessoaEntity(id=30, nome=Thomas Severino Porto, cpf=298.440.564-11, dataNascimento=1971-03-25, sexo=MASCULINO, tipoPessoa=FISICA, email=thomas-porto94@amoreencantos.com)
2022-07-12 17:17:04.220  INFO 14680 -- [           main] b.c.software.springbootapp.PessoaTests    PessoaEntity(id=31, nome=Manoel Raul Almada, cpf=859.774.352-23, dataNascimento=2001-02-05, sexo=MASCULINO, tipoPessoa=FISICA, email=manoel-almada89@construtorastaizabel.com.br)
2022-07-12 17:17:04.220  INFO 14680 -- [           main] b.c.software.springbootapp.PessoaTests    PessoaEntity(id=32, nome=Giovanni Ricardo Thomas Sales, cpf=516.837.772-63, dataNascimento=1996-05-06, sexo=MASCULINO, tipoPessoa=FISICA, email=giovanni_sales@universo3d.com.br)
2022-07-12 17:17:04.220  INFO 14680 -- [           main] b.c.software.springbootapp.PessoaTests    PessoaEntity(id=33, nome=Gael Nicolas Yago Nunes, cpf=448.955.129-08, dataNascimento=1963-01-24, sexo=MASCULINO, tipoPessoa=FISICA, email=gael-nunes90@pss.adv.br)
2022-07-12 17:17:04.220  INFO 14680 -- [           main] b.c.software.springbootapp.PessoaTests    PessoaEntity(id=34, nome=Valentina Alícia Ayla Viana, cpf=181.819.908-46, dataNascimento=1977-06-07, sexo=FEMININO, tipoPessoa=FISICA, email=valentina_viana@truran.com.br)
2022-07-12 17:17:04.221  INFO 14680 -- [           main] b.c.software.springbootapp.PessoaTests    PessoaEntity(id=35, nome=Luna Analu Mendes, cpf=101.485.567-52, dataNascimento=1961-02-10, sexo=FEMININO, tipoPessoa=FISICA, email=lunaanalumendes@onvale.com)
2022-07-12 17:17:04.221  INFO 14680 -- [           main] b.c.software.springbootapp.PessoaTests    PessoaEntity(id=36, nome=Isaac Guilherme Martin Peixoto, cpf=881.365.605-01, dataNascimento=1969-05-10, sexo=MASCULINO, tipoPessoa=FISICA, email=isaac_guilherme_peixoto@zf.com)
2022-07-12 17:17:04.221  INFO 14680 -- [           main] b.c.software.springbootapp.PessoaTests    PessoaEntity(id=37, nome=Gustavo Marcos Vinicius Juan Brito, cpf=798.776.410-89, dataNascimento=1952-01-16, sexo=MASCULINO, tipoPessoa=FISICA, email=gustavo.marcos.brito@oxiteno.com)
2022-07-12 17:17:04.221  INFO 14680 -- [           main] b.c.software.springbootapp.PessoaTests    PessoaEntity(id=38, nome=Ester Isabelle Antônia Rodrigues, cpf=284.189.506-84, dataNascimento=1982-01-23, sexo=FEMININO, tipoPessoa=FISICA, email=ester-rodrigues89@grupova.com.br)
2022-07-12 17:17:04.221  INFO 14680 -- [           main] b.c.software.springbootapp.PessoaTests    PessoaEntity(id=39, nome=Sophie Ayla Figueiredo, cpf=942.751.166-40, dataNascimento=1986-05-13, sexo=FEMININO, tipoPessoa=FISICA, email=sophie.ayla.figueiredo@gastrolight.com.br)
2022-07-12 17:17:04.221  INFO 14680 -- [           main] b.c.software.springbootapp.PessoaTests    PessoaEntity(id=40, nome=Murilo Antonio Manuel Alves, cpf=788.434.847-02, dataNascimento=1945-06-25, sexo=MASCULINO, tipoPessoa=FISICA, email=murilo.antonio.alves@netsinf.com.br)
2022-07-12 17:17:04.221  INFO 14680 -- [           main] b.c.software.springbootapp.PessoaTests    PessoaEntity(id=41, nome=Fabiana Teresinha Natália da Mata, cpf=639.175.059-91, dataNascimento=1954-01-05, sexo=FEMININO, tipoPessoa=FISICA, email=fabianateresinhadamata@fedato.com.br)
2022-07-12 17:17:04.221  INFO 14680 -- [           main] b.c.software.springbootapp.PessoaTests    PessoaEntity(id=42, nome=Bárbara Aline Camila Lima, cpf=217.674.781-00, dataNascimento=1966-06-09, sexo=FEMININO, tipoPessoa=FISICA, email=barbaraalinelima@iaru.com.br)
2022-07-12 17:17:04.221  INFO 14680 -- [           main] b.c.software.springbootapp.PessoaTests    PessoaEntity(id=43, nome=André Gustavo da Costa, cpf=074.262.198-79, dataNascimento=1945-01-18, sexo=MASCULINO, tipoPessoa=FISICA, email=andre-dacosta77@unifox.com.br)
2022-07-12 17:17:04.221  INFO 14680 -- [           main] b.c.software.springbootapp.PessoaTests    PessoaEntity(id=44, nome=Catarina Allana Melissa Duarte, cpf=905.430.607-64, dataNascimento=1969-06-14, sexo=FEMININO, tipoPessoa=FISICA, email=catarina-duarte74@iq.unesp.br)
2022-07-12 17:17:04.221  INFO 14680 -- [           main] b.c.software.springbootapp.PessoaTests    PessoaEntity(id=45, nome=Sérgio Manoel Corte Real, cpf=058.202.906-66, dataNascimento=1970-06-02, sexo=MASCULINO, tipoPessoa=FISICA, email=sergiomanoelcortereal@marketingvale.com.br)
2022-07-12 17:17:04.221  INFO 14680 -- [           main] b.c.software.springbootapp.PessoaTests    PessoaEntity(id=46, nome=Fábio Daniel Thomas Cavalcanti, cpf=364.113.263-04, dataNascimento=1995-05-16, sexo=MASCULINO, tipoPessoa=FISICA, email=fabio.daniel.cavalcanti@grupogil.com.br)
2022-07-12 17:17:04.221  INFO 14680 -- [           main] b.c.software.springbootapp.PessoaTests    PessoaEntity(id=47, nome=Cauã Augusto Vieira, cpf=232.883.659-36, dataNascimento=1943-01-22, sexo=MASCULINO, tipoPessoa=FISICA, email=caua_vieira@ohms.com.br)
2022-07-12 17:17:04.221  INFO 14680 -- [           main] b.c.software.springbootapp.PessoaTests    PessoaEntity(id=48, nome=Thomas Pietro da Silva, cpf=222.730.817-66, dataNascimento=1963-06-22, sexo=MASCULINO, tipoPessoa=FISICA, email=thomaspietrodasilva@grupointegraambiental.com.br)
2022-07-12 17:17:04.221  INFO 14680 -- [           main] b.c.software.springbootapp.PessoaTests    PessoaEntity(id=49, nome=Nelson Theo da Paz, cpf=940.416.482-89, dataNascimento=1975-04-22, sexo=MASCULINO, tipoPessoa=FISICA, email=nelson-dapaz76@clinicamedicofacil.com.br)
2022-07-12 17:17:04.222  INFO 14680 -- [           main] b.c.software.springbootapp.PessoaTests    PessoaEntity(id=50, nome=Pietro Tiago Arthur Teixeira, cpf=954.905.263-00, dataNascimento=1981-02-12, sexo=MASCULINO, tipoPessoa=FISICA, email=pietro.tiago.teixeira@aliancacadeiras.com.br)
2022-07-12 17:17:04.222  INFO 14680 -- [           main] b.c.software.springbootapp.PessoaTests    PessoaEntity(id=51, nome=Alícia Mirella Ferreira, cpf=910.548.073-61, dataNascimento=1992-06-25, sexo=FEMININO, tipoPessoa=FISICA, email=aliciamirellaferreira@band.com)
2022-07-12 17:17:04.222  INFO 14680 -- [           main] b.c.software.springbootapp.PessoaTests    PessoaEntity(id=52, nome=Teresinha Emilly Giovana Pinto, cpf=799.639.117-30, dataNascimento=1998-04-12, sexo=FEMININO, tipoPessoa=FISICA, email=teresinha_emilly_pinto@netsite.com.br)
2022-07-12 17:17:04.222  INFO 14680 -- [           main] b.c.software.springbootapp.PessoaTests    PessoaEntity(id=53, nome=Kamilly Mariah da Cruz, cpf=253.788.942-80, dataNascimento=1960-04-02, sexo=FEMININO, tipoPessoa=FISICA, email=kamilly.mariah.dacruz@eguia.com.br)
2022-07-12 17:17:04.222  INFO 14680 -- [           main] b.c.software.springbootapp.PessoaTests    PessoaEntity(id=54, nome=Tereza Bárbara Moreira, cpf=922.284.345-23, dataNascimento=1982-06-18, sexo=FEMININO, tipoPessoa=FISICA, email=tereza_barbara_moreira@mavex.com.br)
2022-07-12 17:17:04.222  INFO 14680 -- [           main] b.c.software.springbootapp.PessoaTests    PessoaEntity(id=55, nome=Diogo Gabriel Farias, cpf=341.342.538-29, dataNascimento=1996-01-03, sexo=MASCULINO, tipoPessoa=FISICA, email=diogo_farias@atento.com.br)
2022-07-12 17:17:04.222  INFO 14680 -- [           main] b.c.software.springbootapp.PessoaTests    PessoaEntity(id=56, nome=Murilo Kaique Barbosa, cpf=616.205.219-20, dataNascimento=2003-03-26, sexo=MASCULINO, tipoPessoa=FISICA, email=murilokaiquebarbosa@agnet.com.br)
2022-07-12 17:17:04.222  INFO 14680 -- [           main] b.c.software.springbootapp.PessoaTests    PessoaEntity(id=57, nome=Marina Alana Gabriela Fogaça, cpf=625.039.984-45, dataNascimento=2001-05-13, sexo=FEMININO, tipoPessoa=FISICA, email=marina_fogaca@validtecnologia.com.br)
2022-07-12 17:17:04.222  INFO 14680 -- [           main] b.c.software.springbootapp.PessoaTests    PessoaEntity(id=58, nome=Rodrigo Manoel Barros, cpf=847.207.047-60, dataNascimento=1950-05-13, sexo=MASCULINO, tipoPessoa=FISICA, email=rodrigomanoelbarros@isbt.com.br)
2022-07-12 17:17:04.222  INFO 14680 -- [           main] b.c.software.springbootapp.PessoaTests    PessoaEntity(id=59, nome=Diogo César Thales Costa, cpf=907.774.423-10, dataNascimento=2003-05-23, sexo=MASCULINO, tipoPessoa=FISICA, email=diogocesarcosta@aichele.com.br)
2022-07-12 17:17:04.222  INFO 14680 -- [           main] b.c.software.springbootapp.PessoaTests    PessoaEntity(id=60, nome=Igor Heitor Pedro dos Santos, cpf=794.723.507-47, dataNascimento=1952-02-13, sexo=MASCULINO, tipoPessoa=FISICA, email=igor-dossantos97@jcoronel.com.br)
2022-07-12 17:17:04.222  INFO 14680 -- [           main] b.c.software.springbootapp.PessoaTests    PessoaEntity(id=61, nome=Thales Thiago Assis, cpf=835.849.812-80, dataNascimento=1996-03-17, sexo=MASCULINO, tipoPessoa=FISICA, email=thales.thiago.assis@oliveiraesouza.adv.br)
2022-07-12 17:17:04.222  INFO 14680 -- [           main] b.c.software.springbootapp.PessoaTests    PessoaEntity(id=62, nome=Nicole Esther Isabella Assunção, cpf=653.625.085-04, dataNascimento=1976-04-07, sexo=FEMININO, tipoPessoa=FISICA, email=nicole.esther.assuncao@lins.net.br)
2022-07-12 17:17:04.223  INFO 14680 -- [           main] b.c.software.springbootapp.PessoaTests    PessoaEntity(id=63, nome=Lorenzo Hugo Caldeira, cpf=129.904.188-49, dataNascimento=1966-05-16, sexo=MASCULINO, tipoPessoa=FISICA, email=lorenzo-caldeira83@advogadosempresariais.com.br)
2022-07-12 17:17:04.223  INFO 14680 -- [           main] b.c.software.springbootapp.PessoaTests    PessoaEntity(id=64, nome=Milena Isabelly dos Santos, cpf=195.302.510-25, dataNascimento=1954-03-14, sexo=FEMININO, tipoPessoa=FISICA, email=milenaisabellydossantos@corp.inf.br)
2022-07-12 17:17:04.223  INFO 14680 -- [           main] b.c.software.springbootapp.PessoaTests    PessoaEntity(id=65, nome=Murilo João Fogaça, cpf=913.596.710-21, dataNascimento=1977-05-22, sexo=MASCULINO, tipoPessoa=FISICA, email=murilo.joao.fogaca@nelsonalfredoimoveis.com.br)
2022-07-12 17:17:04.223  INFO 14680 -- [           main] b.c.software.springbootapp.PessoaTests    PessoaEntity(id=66, nome=Joana Melissa Bárbara Gomes, cpf=023.938.712-09, dataNascimento=1965-05-12, sexo=FEMININO, tipoPessoa=FISICA, email=joanamelissagomes@jmmarcenaria.com.br)
2022-07-12 17:17:04.223  INFO 14680 -- [           main] b.c.software.springbootapp.PessoaTests    PessoaEntity(id=67, nome=Juliana Stefany Mendes, cpf=360.717.550-00, dataNascimento=1973-06-12, sexo=FEMININO, tipoPessoa=FISICA, email=juliana.stefany.mendes@power.alston.com)
2022-07-12 17:17:04.223  INFO 14680 -- [           main] b.c.software.springbootapp.PessoaTests    PessoaEntity(id=68, nome=Murilo Oliver Renato Nascimento, cpf=089.750.696-05, dataNascimento=2001-03-05, sexo=MASCULINO, tipoPessoa=FISICA, email=murilo_oliver_nascimento@unilever.com)
2022-07-12 17:17:04.223  INFO 14680 -- [           main] b.c.software.springbootapp.PessoaTests    PessoaEntity(id=69, nome=Anthony Cauã da Paz, cpf=753.669.170-00, dataNascimento=1957-05-18, sexo=MASCULINO, tipoPessoa=FISICA, email=anthonycauadapaz@maiamaquinas.com.br)
2022-07-12 17:17:04.223  INFO 14680 -- [           main] b.c.software.springbootapp.PessoaTests    PessoaEntity(id=70, nome=Allana Andreia Rayssa Santos, cpf=614.492.098-66, dataNascimento=1969-03-05, sexo=FEMININO, tipoPessoa=FISICA, email=allana.andreia.santos@heinrich.com.br)
2022-07-12 17:17:04.223  INFO 14680 -- [           main] b.c.software.springbootapp.PessoaTests    PessoaEntity(id=71, nome=Levi Francisco Carlos Vieira, cpf=118.667.519-56, dataNascimento=1982-01-18, sexo=MASCULINO, tipoPessoa=FISICA, email=levifranciscovieira@ouplook.com)
2022-07-12 17:17:04.223  INFO 14680 -- [           main] b.c.software.springbootapp.PessoaTests    PessoaEntity(id=72, nome=Caroline Ester Isabela Aragão, cpf=124.511.684-39, dataNascimento=1960-03-07, sexo=FEMININO, tipoPessoa=FISICA, email=caroline.ester.aragao@valeguinchos.com.br)
2022-07-12 17:17:04.223  INFO 14680 -- [           main] b.c.software.springbootapp.PessoaTests    PessoaEntity(id=73, nome=Heitor Manuel Almeida, cpf=917.126.443-43, dataNascimento=1988-03-15, sexo=MASCULINO, tipoPessoa=FISICA, email=heitor-almeida84@tahoo.com.br)
2022-07-12 17:17:04.223  INFO 14680 -- [           main] b.c.software.springbootapp.PessoaTests    PessoaEntity(id=74, nome=Caroline Cláudia Clara Farias, cpf=934.748.306-00, dataNascimento=1982-05-16, sexo=FEMININO, tipoPessoa=FISICA, email=carolineclaudiafarias@csa.edu.br)
2022-07-12 17:17:04.223  INFO 14680 -- [           main] b.c.software.springbootapp.PessoaTests    PessoaEntity(id=75, nome=Yago Hugo Ricardo Bernardes, cpf=196.984.502-38, dataNascimento=1962-02-05, sexo=MASCULINO, tipoPessoa=FISICA, email=yago-bernardes96@eyejoy.com.br)
2022-07-12 17:17:04.223  INFO 14680 -- [           main] b.c.software.springbootapp.PessoaTests    PessoaEntity(id=76, nome=Alice Gabriela Pinto, cpf=017.164.296-17, dataNascimento=1947-04-19, sexo=FEMININO, tipoPessoa=FISICA, email=alicegabrielapinto@abrangenciacorretora.com.br)
2022-07-12 17:17:04.224  INFO 14680 -- [           main] b.c.software.springbootapp.PessoaTests    PessoaEntity(id=77, nome=Sebastião Paulo da Silva, cpf=814.363.648-84, dataNascimento=1994-04-19, sexo=MASCULINO, tipoPessoa=FISICA, email=sebastiao.paulo.dasilva@outlook.com.br)
2022-07-12 17:17:04.224  INFO 14680 -- [           main] b.c.software.springbootapp.PessoaTests    PessoaEntity(id=78, nome=Tiago Erick Monteiro, cpf=233.167.637-24, dataNascimento=1988-04-26, sexo=MASCULINO, tipoPessoa=FISICA, email=tiago.erick.monteiro@vlcorporate.com)
2022-07-12 17:17:04.224  INFO 14680 -- [           main] b.c.software.springbootapp.PessoaTests    PessoaEntity(id=79, nome=Fátima Bárbara Fernandes, cpf=823.915.084-50, dataNascimento=1979-04-20, sexo=FEMININO, tipoPessoa=FISICA, email=fatimabarbarafernandes@br.inter.net)
2022-07-12 17:17:04.224  INFO 14680 -- [           main] b.c.software.springbootapp.PessoaTests    PessoaEntity(id=80, nome=Allana Teresinha Sebastiana Drumond, cpf=079.311.534-56, dataNascimento=1999-02-22, sexo=FEMININO, tipoPessoa=FISICA, email=allana.teresinha.drumond@ozsurfing.com.br)
2022-07-12 17:17:04.224  INFO 14680 -- [           main] b.c.software.springbootapp.PessoaTests    PessoaEntity(id=81, nome=Luciana Marcela Silva, cpf=859.919.105-53, dataNascimento=1982-05-09, sexo=FEMININO, tipoPessoa=FISICA, email=luciana-silva79@iq.unesp.br)
2022-07-12 17:17:04.224  INFO 14680 -- [           main] b.c.software.springbootapp.PessoaTests    PessoaEntity(id=82, nome=Alana Hadassa Bruna Almada, cpf=827.224.542-62, dataNascimento=1948-05-20, sexo=FEMININO, tipoPessoa=FISICA, email=alana_almada@novaequipem.com.br)
2022-07-12 17:17:04.224  INFO 14680 -- [           main] b.c.software.springbootapp.PessoaTests    PessoaEntity(id=83, nome=Anderson José Galvão, cpf=186.314.006-96, dataNascimento=1961-01-01, sexo=MASCULINO, tipoPessoa=FISICA, email=anderson-galvao89@shimu.com.br)
2022-07-12 17:17:04.224  INFO 14680 -- [           main] b.c.software.springbootapp.PessoaTests    PessoaEntity(id=84, nome=Cauã Augusto Yago Nunes, cpf=115.187.180-00, dataNascimento=1978-05-13, sexo=MASCULINO, tipoPessoa=FISICA, email=cauaaugustonunes@lavabit.com)
2022-07-12 17:17:04.224  INFO 14680 -- [           main] b.c.software.springbootapp.PessoaTests    PessoaEntity(id=85, nome=Breno Paulo Rodrigues, cpf=041.890.441-30, dataNascimento=1994-06-13, sexo=MASCULINO, tipoPessoa=FISICA, email=brenopaulorodrigues@daimler.com)
2022-07-12 17:17:04.224  INFO 14680 -- [           main] b.c.software.springbootapp.PessoaTests    PessoaEntity(id=86, nome=Emilly Gabriela Porto, cpf=710.904.088-70, dataNascimento=2000-02-08, sexo=FEMININO, tipoPessoa=FISICA, email=emilly.gabriela.porto@terapeutaholistica.com.br)
2022-07-12 17:17:04.225  INFO 14680 -- [           main] b.c.software.springbootapp.PessoaTests    PessoaEntity(id=87, nome=Olivia Mariah Viana, cpf=977.257.587-63, dataNascimento=1995-05-27, sexo=FEMININO, tipoPessoa=FISICA, email=olivia-viana77@rj.net)
2022-07-12 17:17:04.225  INFO 14680 -- [           main] b.c.software.springbootapp.PessoaTests    PessoaEntity(id=88, nome=Caio Theo Campos, cpf=472.797.598-07, dataNascimento=1977-05-23, sexo=MASCULINO, tipoPessoa=FISICA, email=caio.theo.campos@tokiomarine.com.br)
2022-07-12 17:17:04.225  INFO 14680 -- [           main] b.c.software.springbootapp.PessoaTests    PessoaEntity(id=89, nome=Felipe Eduardo Manuel Ferreira, cpf=057.854.547-00, dataNascimento=1946-01-12, sexo=MASCULINO, tipoPessoa=FISICA, email=felipe_eduardo_ferreira@tintasvalecores.com.br)
2022-07-12 17:17:04.225  INFO 14680 -- [           main] b.c.software.springbootapp.PessoaTests    PessoaEntity(id=90, nome=Manuel Paulo Silveira, cpf=402.787.759-42, dataNascimento=1975-05-24, sexo=MASCULINO, tipoPessoa=FISICA, email=manuel.paulo.silveira@graficajardim.com.br)
2022-07-12 17:17:04.225  INFO 14680 -- [           main] b.c.software.springbootapp.PessoaTests    PessoaEntity(id=91, nome=Tiago Iago Benedito Brito, cpf=344.489.910-67, dataNascimento=1996-01-25, sexo=MASCULINO, tipoPessoa=FISICA, email=tiagoiagobrito@eletroaquila.net)
2022-07-12 17:17:04.225  INFO 14680 -- [           main] b.c.software.springbootapp.PessoaTests    PessoaEntity(id=92, nome=Ester Julia Peixoto, cpf=464.883.682-06, dataNascimento=1997-02-15, sexo=FEMININO, tipoPessoa=FISICA, email=ester.julia.peixoto@cladm.com.br)
2022-07-12 17:17:04.225  INFO 14680 -- [           main] b.c.software.springbootapp.PessoaTests    PessoaEntity(id=93, nome=Simone Clara Santos, cpf=944.495.710-10, dataNascimento=1963-02-27, sexo=FEMININO, tipoPessoa=FISICA, email=simone_clara_santos@meteorus.com.br)
2022-07-12 17:17:04.225  INFO 14680 -- [           main] b.c.software.springbootapp.PessoaTests    PessoaEntity(id=94, nome=Tiago Manuel Monteiro, cpf=483.202.643-75, dataNascimento=1973-01-16, sexo=MASCULINO, tipoPessoa=FISICA, email=tiago_manuel_monteiro@gilconsultoria.com.br)
2022-07-12 17:17:04.225  INFO 14680 -- [           main] b.c.software.springbootapp.PessoaTests    PessoaEntity(id=95, nome=Leandro Bento Victor Araújo, cpf=921.854.814-01, dataNascimento=1991-04-18, sexo=MASCULINO, tipoPessoa=FISICA, email=leandro.bento.araujo@quarttus.com.br)
2022-07-12 17:17:04.225  INFO 14680 -- [           main] b.c.software.springbootapp.PessoaTests    PessoaEntity(id=96, nome=Rebeca Sarah Nascimento, cpf=308.317.422-59, dataNascimento=1976-01-06, sexo=FEMININO, tipoPessoa=FISICA, email=rebeca_sarah_nascimento@htmail.com)
2022-07-12 17:17:04.225  INFO 14680 -- [           main] b.c.software.springbootapp.PessoaTests    PessoaEntity(id=97, nome=Luiz Cauã Fernando Carvalho, cpf=754.349.361-67, dataNascimento=1978-02-04, sexo=MASCULINO, tipoPessoa=FISICA, email=luiz.caua.carvalho@seraobenedito.com.br)
2022-07-12 17:17:04.225  INFO 14680 -- [           main] b.c.software.springbootapp.PessoaTests    PessoaEntity(id=98, nome=Aurora Evelyn Sandra Ramos, cpf=156.379.428-46, dataNascimento=1964-03-09, sexo=FEMININO, tipoPessoa=FISICA, email=aurora-ramos86@gamal.com.br)
2022-07-12 17:17:04.225  INFO 14680 -- [           main] b.c.software.springbootapp.PessoaTests    PessoaEntity(id=99, nome=Maya Isis Ayla Gomes, cpf=411.051.495-95, dataNascimento=1973-06-23, sexo=FEMININO, tipoPessoa=FISICA, email=maya_gomes@vivax.com.br)
2022-07-12 17:17:04.225  INFO 14680 -- [           main] b.c.software.springbootapp.PessoaTests    PessoaEntity(id=100, nome=Natália Fátima Marcela da Luz, cpf=666.953.636-41, dataNascimento=1970-02-02, sexo=FEMININO, tipoPessoa=FISICA, email=natalia.fatima.daluz@termakui.com.br)
2022-07-12 17:17:04.401  INFO 14680 -- [ionShutdownHook] j.LocalContainerEntityManagerFactoryBean  Closing JPA EntityManagerFactory for persistence unit 'default'
2022-07-12 17:17:04.404  INFO 14680 -- [ionShutdownHook] com.zaxxer.hikari.HikariDataSource        HikariPool-1 - Shutdown initiated...
2022-07-12 17:17:04.407  INFO 14680 -- [ionShutdownHook] com.zaxxer.hikari.HikariDataSource        HikariPool-1 - Shutdown completed.
